2025-10-19 18:49:24,580 - db_helper - INFO - Fetching_expenses_for_date called with 2024-08-01
2025-10-19 18:56:59,680 - db_helper - INFO - Fetching_expenses_for_date called with 2024-08-01
2025-10-19 18:57:21,064 - db_helper - INFO - Fetching_expenses_for_date called with 2024-08-25
2025-10-19 18:57:31,280 - db_helper - INFO - Fetching_expenses_for_date called with 2024-08-28
2025-10-19 18:58:20,521 - db_helper - INFO - Delete_expenses_for_date called with 2024-08-28
2025-10-19 18:58:20,584 - db_helper - INFO - Insert_expenses called with 2024-08-28, 23.0, Shopping, bought benz car
2025-10-19 18:58:23,843 - db_helper - INFO - Delete_expenses_for_date called with 2024-08-28
2025-10-19 18:58:23,880 - db_helper - INFO - Insert_expenses called with 2024-08-28, 23.0, Shopping, bought benz car
2025-10-19 18:58:28,582 - db_helper - INFO - Fetching_expenses_for_date called with 2024-08-28
2025-10-19 19:21:51,551 - db_helper - INFO - Fetching_expenses_for_date called with 2024-08-01
2025-10-19 19:30:08,657 - db_helper - INFO - Fetching_expenses_for_date called with 2024-08-01
2025-10-19 19:30:31,251 - db_helper - INFO - Fetching_expenses_for_date called with 2024-08-01
2025-10-19 19:32:01,251 - db_helper - INFO - Fetching_expenses_for_date called with 2024-08-01
2025-10-19 19:32:33,740 - db_helper - INFO - Fetching_expenses_for_date called with 2025-10-19
2025-10-19 19:32:44,209 - db_helper - INFO - Fetching_expenses_for_date called with 2025-08-01
2025-10-19 19:33:09,664 - db_helper - INFO - Fetching_expenses_for_date called with 2025-10-19
2025-10-19 19:33:31,224 - db_helper - INFO - Fetching_expenses_for_date called with 2025-08-01
2025-10-19 19:36:07,461 - db_helper - INFO - Fetching_expenses_for_date called with 2024-08-01
2025-10-19 19:38:43,584 - db_helper - INFO - Fetching_expenses_for_date called with 2024-08-01
2025-10-19 19:46:10,811 - db_helper - INFO - Fetching_expenses_for_date called with 2024-08-01
2025-10-19 19:46:59,319 - db_helper - INFO - Fetching_expenses_for_date called with 2024-08-01
2025-10-19 19:47:54,356 - db_helper - INFO - Fetching_expenses_for_date called with 2024-08-02
2025-10-19 19:48:01,654 - db_helper - INFO - Fetching_expenses_for_date called with 2024-08-01
2025-10-19 19:55:13,911 - db_helper - INFO - Fetching_expenses_for_date called with 2024-08-01
2025-10-19 19:55:19,998 - db_helper - INFO - Fetching_expenses_for_date called with 2024-08-07
2025-10-19 19:57:01,510 - db_helper - INFO - Fetching_expenses_for_date called with 2024-08-07
2025-10-19 19:57:03,595 - db_helper - INFO - Delete_expenses_for_date called with 2024-08-07
2025-10-19 19:57:03,607 - db_helper - INFO - Insert_expenses called with 2024-08-07, 20.0, Food, bought cocnut
2025-10-19 19:57:03,641 - db_helper - INFO - Insert_expenses called with 2024-08-07, 20.0, Shopping, bought hair oil
2025-10-19 19:57:03,657 - db_helper - INFO - Insert_expenses called with 2024-08-07, 40.0, Food, ate pakoda
2025-10-19 19:57:43,707 - db_helper - INFO - Fetching_expenses_for_date called with 2024-08-01
2025-10-19 19:57:49,368 - db_helper - INFO - Fetching_expenses_for_date called with 2024-08-07
2025-10-20 22:36:31,688 - db_helper - INFO - Fetching_expenses_for_date called with 2024-08-01
2025-10-20 22:37:07,261 - db_helper - INFO - Fetching_expenses_for_date called with 2024-08-22
2025-10-20 22:37:14,463 - db_helper - INFO - Fetching_expenses_for_date called with 2024-08-02
2025-10-20 23:05:24,183 - db_helper - INFO - Fetching_expense_summary called with start:2025-10-20 to end:2025-10-20
2025-10-20 23:05:49,751 - db_helper - INFO - Fetching_expense_summary called with start:2024-08-01 to end:2024-08-02
2025-10-20 23:06:04,557 - db_helper - INFO - Fetching_expense_summary called with start:2024-08-01 to end:2024-08-01
2025-10-20 23:07:01,365 - db_helper - INFO - Fetching_expense_summary called with start:2024-08-01 to end:2024-08-05
2025-10-20 23:14:44,453 - db_helper - INFO - Fetching_expense_summary called with start:2024-08-01 to end:2024-08-05
2025-10-20 23:17:08,513 - db_helper - INFO - Fetching_expense_summary called with start:2024-08-01 to end:2024-08-05
2025-10-20 23:32:01,252 - db_helper - INFO - Fetching_expenses_for_date called with 2024-08-02
2025-10-20 23:32:23,737 - db_helper - INFO - Fetching_expenses_for_date called with 2024-08-01
2025-10-20 23:33:55,003 - db_helper - INFO - Fetching_expenses_for_date called with 2024-08-01
2025-10-20 23:38:01,688 - db_helper - INFO - Fetching_expenses_for_date called with 2024-08-01
2025-10-20 23:38:05,802 - db_helper - INFO - Fetching_expenses_for_date called with 2024-08-01
2025-10-20 23:40:22,505 - db_helper - INFO - Fetching_expenses_for_date called with 2024-08-01
2025-10-20 23:40:24,578 - db_helper - INFO - Fetching_expense_summary called with start:2024-08-01 to end:2024-08-05
2025-10-20 23:40:30,966 - db_helper - INFO - Fetching_expenses_for_date called with 2024-08-01
2025-10-20 23:40:33,074 - db_helper - INFO - Fetching_expense_summary called with start:2024-08-01 to end:2024-08-05
2025-10-20 23:41:01,936 - db_helper - INFO - Fetching_expenses_for_date called with 2024-08-01
2025-10-20 23:41:04,040 - db_helper - INFO - Fetching_expense_summary called with start:2024-08-01 to end:2024-08-05
2025-10-20 23:46:56,090 - db_helper - INFO - Fetching_expenses_for_date called with 2024-08-01
2025-10-20 23:46:59,742 - db_helper - INFO - Fetching_expenses_for_date called with 2024-08-01
2025-10-20 23:47:01,841 - db_helper - INFO - Fetching_expense_summary called with start:2024-08-01 to end:2024-08-05
2025-10-20 23:50:17,109 - db_helper - INFO - Fetching_expenses_for_date called with 2024-08-01
2025-10-20 23:50:20,805 - db_helper - INFO - Fetching_expenses_for_date called with 2024-08-01
2025-10-20 23:50:22,891 - db_helper - INFO - Fetching_expense_summary called with start:2024-08-01 to end:2024-08-05
2025-10-20 23:52:46,746 - db_helper - INFO - Fetching_expenses_for_date called with 2024-08-01
2025-10-20 23:52:50,606 - db_helper - INFO - Fetching_expenses_for_date called with 2024-08-01
2025-10-20 23:52:52,709 - db_helper - INFO - Fetching_expense_summary called with start:2024-08-01 to end:2024-08-05
2025-10-20 23:53:12,125 - db_helper - INFO - Fetching_expenses_for_date called with 2024-08-01
2025-10-20 23:53:16,668 - db_helper - INFO - Fetching_expenses_for_date called with 2024-08-01
2025-10-20 23:53:18,808 - db_helper - INFO - Fetching_expense_summary called with start:2024-08-01 to end:2024-08-05
2025-10-21 00:02:01,606 - db_helper - INFO - Fetching_expenses_for_date called with 2024-08-02
2025-10-21 00:02:07,168 - db_helper - INFO - Fetching_expenses_for_date called with 2024-08-02
2025-10-21 00:02:09,266 - db_helper - INFO - Fetching_expense_summary called with start:2024-08-01 to end:2024-08-05
2025-10-21 14:32:16,825 - db_helper - INFO - Fetching_expenses_for_date called with 2024-08-01
2025-10-21 14:33:32,397 - db_helper - INFO - Fetching_expenses_for_date called with 2024-08-01
2025-10-21 14:37:09,423 - db_helper - INFO - Fetching_expenses_for_date called with 2024-08-01
2025-10-21 14:38:51,932 - db_helper - INFO - Fetching_expenses_for_date called with 2024-08-01
2025-10-22 22:00:32,854 - db_helper - INFO - Fetching_expenses_for_date called with 2024-08-01
2025-10-22 22:00:40,872 - db_helper - INFO - Fetching_expenses_for_date called with 2024-08-01
2025-10-22 22:00:42,952 - db_helper - INFO - Fetching_expense_summary called with start:2024-08-01 to end:2024-08-05
2025-10-22 22:03:25,583 - db_helper - INFO - Fetching_expenses_for_date called with 2024-08-01
2025-10-22 22:03:43,919 - db_helper - INFO - Fetching_expenses_for_date called with 2024-08-01
2025-10-22 22:09:42,119 - db_helper - INFO - Fetching_expenses_for_date called with 2024-08-01
2025-10-22 22:11:45,753 - db_helper - INFO - Fetching_expenses_for_date called with 2024-08-01
2025-10-22 22:14:15,343 - db_helper - INFO - Fetching_expenses_for_date called with 2024-08-01
2025-10-22 22:20:15,159 - db_helper - INFO - Fetching_expenses_for_date called with 2024-08-01
2025-10-22 22:20:25,426 - db_helper - INFO - Fetching_expenses_for_date called with 2024-08-01
2025-10-22 22:20:27,514 - db_helper - INFO - Fetching_expense_summary called with start:2024-08-01 to end:2024-08-05
2025-10-22 22:22:45,681 - db_helper - INFO - Fetching_expenses_for_date called with 2024-08-01
2025-10-22 22:22:47,787 - db_helper - INFO - fetch_expense_summary_by_months
2025-10-22 22:23:37,549 - db_helper - INFO - Fetching_expenses_for_date called with 2024-08-01
2025-10-22 22:23:39,640 - db_helper - INFO - fetch_expense_summary_by_months
2025-10-22 22:24:53,293 - db_helper - INFO - Fetching_expenses_for_date called with 2024-08-01
2025-10-22 22:24:55,387 - db_helper - INFO - Fetching_expense_summary called with start:2024-08-01 to end:2024-08-05
2025-10-22 22:24:57,455 - db_helper - INFO - fetch_expense_summary_by_months
